<?xml version="1.0" encoding="UTF-8"?>
<!-- Generated by org.testng.reporters.JUnitXMLReporter -->
<testsuite ignored="2" hostname="LAPTOP-6PI7DEG8" failures="0" tests="6" name="Test123456" time="0.093" errors="0" timestamp="2023-02-04T17:38:56 IST">
  <testcase classname="TestNG.Test456" name="testB" time="0.007"/>
  <testcase classname="TestNG.Test456" name="testD" time="0.002"/>
  <testcase classname="TestNG.Test123" name="test1" time="0.001"/>
  <testcase classname="TestNG.Test123" name="test2" time="0.001"/>
  <testcase classname="TestNG.Test123" name="test3" time="0.008"/>
  <testcase classname="TestNG.Test123" name="test4" time="0.001"/>
  <testcase classname="TestNG.Test456" name="testC" time="0.0">
    <ignored/>
  </testcase> <!-- testC -->
  <testcase classname="TestNG.Test456" name="testA" time="0.0">
    <ignored/>
  </testcase> <!-- testA -->
</testsuite> <!-- Test123456 -->
