<?xml version="1.0" encoding="UTF-8"?>
<!-- Generated by org.testng.reporters.JUnitXMLReporter -->
<testsuite ignored="0" hostname="LAPTOP-6PI7DEG8" failures="0" tests="4" name="FirefoxTest" time="0.042" errors="0" timestamp="2023-02-10T18:44:16 IST">
  <testcase classname="TestNGParellel.Testclass3" name="testMethod10" time="0.009"/>
  <testcase classname="TestNGParellel.Testclass3" name="testMethod11" time="0.01"/>
  <testcase classname="TestNGParellel.Testclass3" name="testMethod12" time="0.0"/>
  <testcase classname="TestNGParellel.Testclass3" name="testMethod9" time="0.0"/>
</testsuite> <!-- FirefoxTest -->
